<?xml version="1.0" encoding="UTF-8"?>
<!-- Generated by org.testng.reporters.JUnitReportReporter -->
<testsuite skipped="0" hostname="LAPTOP-6PMG4GFQ" name="AccountFeature" tests="1" failures="0" timestamp="12 Feb 2020 22:59:35 GMT" time="39.243" errors="0">
  <testcase name="logout" time="39.243" classname="AccountFeature"/>
</testsuite> <!-- AccountFeature -->
